<?xml version="1.0" encoding="UTF-8"?>
<testsuite name="com.scaler.blogapp.users.UsersRepositoryTests" tests="1" skipped="0" failures="0" errors="0" timestamp="2023-10-23T14:03:38" hostname="MacBook-Air.local" time="0.33">
  <properties/>
  <testcase name="can_create_users()" classname="com.scaler.blogapp.users.UsersRepositoryTests" time="0.33"/>
  <system-out><![CDATA[10:03:36.933 [Test worker] INFO org.springframework.test.context.support.AnnotationConfigContextLoaderUtils -- Could not detect default configuration classes for test class [com.scaler.blogapp.users.UsersRepositoryTests]: UsersRepositoryTests does not declare any static, non-private, non-final, nested classes annotated with @Configuration.
10:03:37.031 [Test worker] INFO org.springframework.boot.test.context.SpringBootTestContextBootstrapper -- Found @SpringBootConfiguration com.scaler.blogapp.BlogappSpringbootApplication for test class com.scaler.blogapp.users.UsersRepositoryTests

  .   ____          _            __ _ _
 /\\ / ___'_ __ _ _(_)_ __  __ _ \ \ \ \
( ( )\___ | '_ | '_| | '_ \/ _` | \ \ \ \
 \\/  ___)| |_)| | | | | || (_| |  ) ) ) )
  '  |____| .__|_| |_|_| |_\__, | / / / /
 =========|_|==============|___/=/_/_/_/
 :: Spring Boot ::                (v3.1.5)

2023-10-23T10:03:37.257-04:00  INFO 93599 --- [    Test worker] c.s.blogapp.users.UsersRepositoryTests   : Starting UsersRepositoryTests using Java 17.0.2 with PID 93599 (started by kavi in /Users/kavi/Downloads/blogapp_springboot)
2023-10-23T10:03:37.257-04:00  INFO 93599 --- [    Test worker] c.s.blogapp.users.UsersRepositoryTests   : The following 1 profile is active: "test"
2023-10-23T10:03:37.413-04:00  INFO 93599 --- [    Test worker] .s.d.r.c.RepositoryConfigurationDelegate : Bootstrapping Spring Data JPA repositories in DEFAULT mode.
2023-10-23T10:03:37.438-04:00  INFO 93599 --- [    Test worker] .s.d.r.c.RepositoryConfigurationDelegate : Finished Spring Data repository scanning in 21 ms. Found 3 JPA repository interfaces.
2023-10-23T10:03:37.459-04:00  INFO 93599 --- [    Test worker] beddedDataSourceBeanFactoryPostProcessor : Replacing 'dataSource' DataSource bean with embedded version
2023-10-23T10:03:37.526-04:00  INFO 93599 --- [    Test worker] o.s.j.d.e.EmbeddedDatabaseFactory        : Starting embedded database: url='jdbc:h2:mem:e8fb43c8-7adb-4d89-9f6a-a826a16dd151;DB_CLOSE_DELAY=-1;DB_CLOSE_ON_EXIT=false', username='sa'
2023-10-23T10:03:37.798-04:00  INFO 93599 --- [    Test worker] o.hibernate.jpa.internal.util.LogHelper  : HHH000204: Processing PersistenceUnitInfo [name: default]
2023-10-23T10:03:37.837-04:00  INFO 93599 --- [    Test worker] org.hibernate.Version                    : HHH000412: Hibernate ORM core version 6.2.13.Final
2023-10-23T10:03:37.838-04:00  INFO 93599 --- [    Test worker] org.hibernate.cfg.Environment            : HHH000406: Using bytecode reflection optimizer
2023-10-23T10:03:37.960-04:00  INFO 93599 --- [    Test worker] o.s.o.j.p.SpringPersistenceUnitInfo      : No LoadTimeWeaver setup: ignoring JPA class transformer
2023-10-23T10:03:38.348-04:00  INFO 93599 --- [    Test worker] o.h.e.t.j.p.i.JtaPlatformInitiator       : HHH000489: No JTA platform available (set 'hibernate.transaction.jta.platform' to enable JTA platform integration)
Hibernate: drop table if exists article_entity cascade 
Hibernate: drop table if exists comment_entity cascade 
Hibernate: drop table if exists users cascade 
Hibernate: drop sequence if exists article_entity_seq
Hibernate: drop sequence if exists comment_entity_seq
Hibernate: drop sequence if exists users_seq
Hibernate: create sequence article_entity_seq start with 1 increment by 50
Hibernate: create sequence comment_entity_seq start with 1 increment by 50
Hibernate: create sequence users_seq start with 1 increment by 50
Hibernate: create table article_entity (author_id bigint, created_at timestamp(6), id bigint not null, body varchar(255), slug varchar(255) unique, subtitle varchar(255), title varchar(255), primary key (id))
Hibernate: create table comment_entity (article_id bigint, author_id bigint, created_at timestamp(6), id bigint not null, body varchar(255), title varchar(255), primary key (id))
Hibernate: create table users (id bigint not null, bio varchar(255), email varchar(255) not null, image varchar(255), username varchar(255) not null, primary key (id))
Hibernate: alter table if exists article_entity add constraint FKc6e08vf26k22c5olv2ffflerr foreign key (author_id) references users
Hibernate: alter table if exists comment_entity add constraint FKt45bktatp5729k1vkmuptml1v foreign key (article_id) references article_entity
Hibernate: alter table if exists comment_entity add constraint FKk9hhyund0ohqcvots98wr20wh foreign key (author_id) references users
2023-10-23T10:03:38.371-04:00  INFO 93599 --- [    Test worker] j.LocalContainerEntityManagerFactoryBean : Initialized JPA EntityManagerFactory for persistence unit 'default'
2023-10-23T10:03:38.530-04:00  INFO 93599 --- [    Test worker] c.s.blogapp.users.UsersRepositoryTests   : Started UsersRepositoryTests in 1.455 seconds (process running for 2.323)
Hibernate: select next value for users_seq
]]></system-out>
  <system-err><![CDATA[]]></system-err>
</testsuite>
